# JRE version: OpenJDK Runtime Environment Temurin-21.0.8+9 (21.0.8+9) (build 21.0.8+9-LTS)
# Java VM: OpenJDK 64-Bit Server VM Temurin-21.0.8+9 (21.0.8+9-LTS, mixed mode, sharing, tiered, compressed oops, compressed class ptrs, g1 gc, windows-amd64)
GC Precious Log:
 CardTable entry size: 512
 Card Set container configuration: InlinePtr #cards 4 size 8 Array Of Cards #cards 16 size 48 Howl #buckets 8 coarsen threshold 3686 Howl Bitmap #cards 512 size 80 coarsen threshold 460 Card regions per heap region 1 cards per card region 4096
 CPUs: 8 total, 8 available
 Memory: 15211M
 Large Page Support: Disabled
 NUMA Support: Disabled
 Compressed Oops: Enabled (Zero based)
 Heap Region Size: 2M
 Heap Min Capacity: 8M
 Heap Initial Capacity: 238M
 Heap Max Capacity: 3804M
 Pre-touch: Disabled
 Parallel Workers: 8
 Concurrent Workers: 2
 Concurrent Refinement Workers: 8
 Periodic GC: Disabled
Heap:
 garbage-first heap   total 102400K, used 48417K [0x0000000712400000, 0x0000000800000000)
  region size 2048K, 13 young (26624K), 4 survivors (8192K)
 Metaspace       used 66138K, committed 66880K, reserved 1114112K
  class space    used 8938K, committed 9280K, reserved 1048576K
GC Heap History (20 events):
Event: 1.469 GC heap before
{Heap before GC invocations=4 (full 0):
 garbage-first heap   total 55296K, used 39607K [0x0000000712400000, 0x0000000800000000)
  region size 2048K, 16 young (32768K), 3 survivors (6144K)
 Metaspace       used 23560K, committed 24064K, reserved 1114112K
  class space    used 2897K, committed 3136K, reserved 1048576K
}
Event: 1.473 GC heap after
{Heap after GC invocations=5 (full 0):
 garbage-first heap   total 55296K, used 15336K [0x0000000712400000, 0x0000000800000000)
  region size 2048K, 2 young (4096K), 2 survivors (4096K)
 Metaspace       used 23560K, committed 24064K, reserved 1114112K
  class space    used 2897K, committed 3136K, reserved 1048576K
}
Event: 1.769 GC heap before
{Heap before GC invocations=5 (full 0):
 garbage-first heap   total 55296K, used 35816K [0x0000000712400000, 0x0000000800000000)
  region size 2048K, 12 young (24576K), 2 survivors (4096K)
 Metaspace       used 26394K, committed 26880K, reserved 1114112K
  class space    used 3273K, committed 3520K, reserved 1048576K
}
Event: 1.772 GC heap after
{Heap after GC invocations=6 (full 0):
 garbage-first heap   total 55296K, used 17091K [0x0000000712400000, 0x0000000800000000)
  region size 2048K, 2 young (4096K), 2 survivors (4096K)
 Metaspace       used 26394K, committed 26880K, reserved 1114112K
  class space    used 3273K, committed 3520K, reserved 1048576K
}
Event: 2.167 GC heap before
{Heap before GC invocations=6 (full 0):
 garbage-first heap   total 55296K, used 41667K [0x0000000712400000, 0x0000000800000000)
  region size 2048K, 14 young (28672K), 2 survivors (4096K)
 Metaspace       used 30734K, committed 31168K, reserved 1114112K
  class space    used 3896K, committed 4096K, reserved 1048576K
}
Event: 2.170 GC heap after
{Heap after GC invocations=7 (full 0):
 garbage-first heap   total 55296K, used 19701K [0x0000000712400000, 0x0000000800000000)
  region size 2048K, 2 young (4096K), 2 survivors (4096K)
 Metaspace       used 30734K, committed 31168K, reserved 1114112K
  class space    used 3896K, committed 4096K, reserved 1048576K
}
Event: 2.518 GC heap before
{Heap before GC invocations=7 (full 0):
 garbage-first heap   total 55296K, used 42229K [0x0000000712400000, 0x0000000800000000)
  region size 2048K, 13 young (26624K), 2 survivors (4096K)
 Metaspace       used 34919K, committed 35520K, reserved 1114112K
  class space    used 4467K, committed 4736K, reserved 1048576K
}
Event: 2.521 GC heap after
{Heap after GC invocations=8 (full 0):
 garbage-first heap   total 55296K, used 21889K [0x0000000712400000, 0x0000000800000000)
  region size 2048K, 1 young (2048K), 1 survivors (2048K)
 Metaspace       used 34919K, committed 35520K, reserved 1114112K
  class space    used 4467K, committed 4736K, reserved 1048576K
}
Event: 2.542 GC heap before
{Heap before GC invocations=8 (full 0):
 garbage-first heap   total 55296K, used 21889K [0x0000000712400000, 0x0000000800000000)
  region size 2048K, 2 young (4096K), 1 survivors (2048K)
 Metaspace       used 35422K, committed 35968K, reserved 1114112K
  class space    used 4532K, committed 4800K, reserved 1048576K
}
Event: 2.544 GC heap after
{Heap after GC invocations=9 (full 0):
 garbage-first heap   total 55296K, used 21716K [0x0000000712400000, 0x0000000800000000)
  region size 2048K, 1 young (2048K), 1 survivors (2048K)
 Metaspace       used 35422K, committed 35968K, reserved 1114112K
  class space    used 4532K, committed 4800K, reserved 1048576K
}
Event: 2.886 GC heap before
{Heap before GC invocations=10 (full 0):
 garbage-first heap   total 55296K, used 44244K [0x0000000712400000, 0x0000000800000000)
  region size 2048K, 13 young (26624K), 1 survivors (2048K)
 Metaspace       used 42531K, committed 43072K, reserved 1114112K
  class space    used 5566K, committed 5760K, reserved 1048576K
}
Event: 2.889 GC heap after
{Heap after GC invocations=11 (full 0):
 garbage-first heap   total 55296K, used 23833K [0x0000000712400000, 0x0000000800000000)
  region size 2048K, 2 young (4096K), 2 survivors (4096K)
 Metaspace       used 42531K, committed 43072K, reserved 1114112K
  class space    used 5566K, committed 5760K, reserved 1048576K
}
Event: 3.178 GC heap before
{Heap before GC invocations=11 (full 0):
 garbage-first heap   total 55296K, used 44313K [0x0000000712400000, 0x0000000800000000)
  region size 2048K, 13 young (26624K), 2 survivors (4096K)
 Metaspace       used 48157K, committed 48768K, reserved 1114112K
  class space    used 6317K, committed 6592K, reserved 1048576K
}
Event: 3.182 GC heap after
{Heap after GC invocations=12 (full 0):
 garbage-first heap   total 55296K, used 24992K [0x0000000712400000, 0x0000000800000000)
  region size 2048K, 2 young (4096K), 2 survivors (4096K)
 Metaspace       used 48157K, committed 48768K, reserved 1114112K
  class space    used 6317K, committed 6592K, reserved 1048576K
}
Event: 3.443 GC heap before
{Heap before GC invocations=12 (full 0):
 garbage-first heap   total 55296K, used 43424K [0x0000000712400000, 0x0000000800000000)
  region size 2048K, 12 young (24576K), 2 survivors (4096K)
 Metaspace       used 55000K, committed 55680K, reserved 1114112K
  class space    used 7365K, committed 7680K, reserved 1048576K
}
Event: 3.447 GC heap after
{Heap after GC invocations=13 (full 0):
 garbage-first heap   total 149504K, used 26443K [0x0000000712400000, 0x0000000800000000)
  region size 2048K, 2 young (4096K), 2 survivors (4096K)
 Metaspace       used 55000K, committed 55680K, reserved 1114112K
  class space    used 7365K, committed 7680K, reserved 1048576K
}
Event: 3.768 GC heap before
{Heap before GC invocations=13 (full 0):
 garbage-first heap   total 149504K, used 55115K [0x0000000712400000, 0x0000000800000000)
  region size 2048K, 17 young (34816K), 2 survivors (4096K)
 Metaspace       used 59907K, committed 60608K, reserved 1114112K
  class space    used 8058K, committed 8384K, reserved 1048576K
}
Event: 3.770 GC heap after
{Heap after GC invocations=14 (full 0):
 garbage-first heap   total 149504K, used 27362K [0x0000000712400000, 0x0000000800000000)
  region size 2048K, 3 young (6144K), 3 survivors (6144K)
 Metaspace       used 59907K, committed 60608K, reserved 1114112K
  class space    used 8058K, committed 8384K, reserved 1048576K
}
Event: 5.446 GC heap before
{Heap before GC invocations=15 (full 0):
 garbage-first heap   total 102400K, used 82658K [0x0000000712400000, 0x0000000800000000)
  region size 2048K, 30 young (61440K), 3 survivors (6144K)
 Metaspace       used 65790K, committed 66560K, reserved 1114112K
  class space    used 8893K, committed 9216K, reserved 1048576K
}
Event: 5.451 GC heap after
{Heap after GC invocations=16 (full 0):
 garbage-first heap   total 102400K, used 32033K [0x0000000712400000, 0x0000000800000000)
  region size 2048K, 4 young (8192K), 4 survivors (8192K)
 Metaspace       used 65790K, committed 66560K, reserved 1114112K
  class space    used 8893K, committed 9216K, reserved 1048576K
}

